Maximum Cut Analysis Report
Generated at: 2025-05-12 20:27:54
================================================================================


Graph #1
----------------------------------------
Number of nodes: 900
Number of edges: 1740

Solution Status: Successful
Maximum cut size: 89341.0
Selected vertices: [167, 165, 194, 136, 105, 134, 163, 192, 221, 252, 283, 254, 312, 281, 314, 345, 285, 256, 225, 227, 316, 347, 378, 287, 318, 223, 196, 343, 372, 409, 161, 130, 258, 289, 229, 198, 169, 200, 171, 202, 231, 262, 140, 138, 109, 111, 80, 51, 82, 78, 76, 107, 374, 403, 405, 434, 407, 436, 438, 467, 496, 465, 494, 498, 469, 525, 556, 554, 585, 583, 614, 616, 587, 647, 645, 676, 674, 643, 612, 618, 705, 736, 734, 558, 707, 678, 703, 376, 589, 620, 649, 680, 711, 651, 682, 713, 709, 740, 738, 767, 798, 769, 827, 829, 800, 771, 742, 802, 831, 860, 773, 744, 775, 833, 804, 684, 715, 653, 655, 891, 862, 746, 765, 527, 763, 794, 823, 854, 856, 792, 761, 701, 825, 883, 852, 529, 560, 686, 717, 432, 401, 463, 821, 790, 759, 819, 850, 881, 788, 757, 786, 755, 726, 817, 815, 844, 813, 873, 842, 871, 784, 782, 753, 811, 722, 751, 780, 875, 846, 848, 879, 641, 610, 260, 291, 724, 693, 695, 697, 666, 635, 637, 606, 664, 577, 608, 639, 668, 670, 575, 604, 633, 546, 544, 517, 548, 579, 519, 550, 581, 552, 515, 523, 492, 490, 521, 461, 459, 430, 399, 370, 488, 457, 428, 486, 397, 368, 426, 337, 349, 320, 796, 889, 858, 380, 411, 440, 382, 351, 322, 353, 293, 324, 295, 326, 355, 384, 413, 264, 442, 471, 500, 531, 502, 473, 672, 20, 699, 730, 728, 504, 533, 562, 591, 622, 564, 595, 593, 624, 535, 626, 566, 506, 475, 415, 446, 444, 386, 477, 417, 448, 388, 419, 357, 508, 877, 887, 885, 49, 597, 328, 359, 299, 268, 266, 297, 893, 864, 895, 47, 16, 18, 250, 159, 219, 188, 248, 279, 308, 217, 246, 190, 277, 306, 335, 275, 304, 366, 333, 273, 244, 213, 242, 364, 362, 182, 211, 271, 331, 302, 300, 310, 339, 341, 157, 186, 184, 155, 153, 126, 95, 124, 128, 97, 93, 122, 64, 68, 33, 62, 91, 31, 60, 120, 151, 395, 393, 424, 422, 453, 391, 455, 484, 360, 180, 240, 482, 2, 513, 835, 866, 837, 806, 142, 173, 662, 691, 660, 631, 602, 573, 720, 542, 511, 451, 480, 420, 540, 571, 45, 14, 868, 839, 808, 777, 779, 719, 688, 748, 628, 659, 657, 899, 215, 732, 840, 233, 235, 479, 74, 43, 103, 72, 132, 600, 204, 897, 0, 4, 35, 101, 99, 41, 70, 39, 8, 6, 37, 66, 175, 206, 237, 208, 177, 146, 144, 115, 84, 113, 53, 55, 24, 22, 86, 117, 148, 88, 119, 57, 28, 26, 59, 12, 10, 537, 539, 599, 568, 179, 239]
Solve time: 2.6302 seconds

================================================================================

Graph #2
----------------------------------------
Number of nodes: 900
Number of edges: 1740

Solution Status: Successful
Maximum cut size: 85924.0
Selected vertices: [534, 594, 563, 532, 592, 623, 501, 530, 505, 476, 445, 474, 503, 414, 443, 412, 472, 441, 383, 590, 621, 554, 525, 496, 467, 465, 494, 434, 463, 432, 403, 374, 343, 372, 341, 310, 279, 250, 281, 252, 221, 190, 188, 217, 248, 277, 308, 246, 215, 339, 306, 275, 337, 368, 399, 428, 370, 244, 273, 304, 335, 366, 364, 333, 283, 430, 461, 490, 492, 521, 550, 581, 552, 519, 488, 457, 426, 548, 486, 314, 312, 157, 186, 155, 126, 128, 97, 66, 99, 159, 95, 64, 130, 161, 302, 192, 223, 583, 219, 397, 523, 401, 33, 610, 612, 641, 670, 701, 672, 699, 730, 668, 637, 697, 643, 639, 666, 635, 695, 579, 606, 577, 546, 608, 614, 645, 616, 585, 604, 544, 515, 513, 573, 482, 484, 453, 393, 424, 395, 362, 517, 724, 755, 753, 782, 811, 722, 693, 633, 664, 662, 602, 542, 631, 726, 728, 759, 790, 455, 761, 732, 703, 674, 734, 705, 676, 763, 792, 821, 819, 788, 786, 817, 815, 846, 848, 877, 850, 813, 784, 757, 875, 873, 871, 840, 879, 881, 852, 844, 459, 35, 436, 438, 407, 409, 378, 376, 347, 316, 285, 345, 254, 256, 287, 318, 349, 380, 194, 196, 165, 225, 136, 691, 561, 124, 184, 153, 93, 122, 91, 62, 151, 182, 242, 211, 240, 271, 213, 31, 60, 0, 707, 736, 765, 767, 796, 738, 678, 798, 827, 829, 800, 769, 740, 771, 709, 831, 802, 575, 405, 120, 180, 742, 773, 744, 713, 775, 684, 804, 163, 134, 132, 103, 416, 68, 37, 4, 422, 451, 511, 559, 660, 720, 780, 653, 682, 858, 889, 887, 856, 825, 854, 823, 794, 885, 883, 556, 587, 527, 558, 647, 498, 469, 440, 746, 715, 686, 717, 655, 657, 626, 688, 659, 628, 597, 748, 777, 808, 719, 779, 595, 566, 568, 599, 539, 837, 839, 868, 806, 899, 897, 571, 600, 540, 480, 6, 8, 39, 70, 101, 72, 41, 12, 43, 74, 14, 105, 45, 391, 331, 300, 360, 420, 289, 258, 227, 167, 138, 198, 169, 229, 109, 78, 107, 76, 47, 18, 49, 16, 80, 200, 260, 231, 320, 291, 322, 351, 262, 293, 233, 202, 173, 204, 144, 171, 142, 264, 324, 295, 235, 266, 353, 206, 237, 140, 326, 355, 386, 357, 297, 175, 411, 146, 177, 115, 208, 842, 268, 652, 751, 866, 835, 833, 860, 10, 239, 862, 2, 864, 895, 893, 891, 711, 680, 651, 117, 86, 84, 55, 148, 53, 51, 82, 111, 24, 22, 113, 20, 119, 88, 59, 57, 28, 26, 179, 328, 299, 359, 388, 649, 589, 618, 479, 508, 448, 537, 477, 417, 419, 620]
Solve time: 2.6336 seconds

================================================================================

Graph #3
----------------------------------------
Number of nodes: 900
Number of edges: 1740

Solution Status: Successful
Maximum cut size: 87787.0
Selected vertices: [532, 561, 503, 474, 501, 563, 594, 625, 596, 565, 536, 567, 627, 598, 656, 685, 687, 658, 718, 747, 749, 778, 807, 776, 592, 623, 654, 714, 743, 683, 712, 507, 538, 569, 838, 478, 449, 476, 447, 418, 445, 416, 414, 443, 385, 356, 354, 325, 294, 323, 387, 296, 327, 745, 774, 805, 836, 681, 621, 590, 619, 650, 648, 741, 652, 505, 689, 867, 716, 263, 265, 234, 205, 174, 203, 143, 114, 112, 172, 141, 83, 81, 52, 23, 588, 559, 528, 497, 557, 617, 586, 530, 466, 677, 646, 437, 468, 439, 408, 499, 435, 406, 708, 737, 768, 739, 710, 679, 706, 735, 766, 764, 795, 797, 826, 824, 793, 358, 298, 377, 346, 375, 317, 379, 348, 350, 381, 410, 441, 472, 412, 383, 321, 292, 261, 315, 470, 286, 288, 259, 230, 257, 319, 290, 232, 226, 255, 284, 224, 170, 199, 201, 228, 168, 139, 79, 110, 108, 77, 48, 19, 137, 50, 197, 166, 135, 164, 195, 133, 106, 75, 46, 104, 73, 193, 162, 191, 160, 131, 129, 100, 44, 13, 42, 102, 11, 158, 352, 98, 69, 40, 71, 9, 38, 67, 7, 772, 15, 236, 267, 207, 176, 238, 145, 178, 147, 116, 85, 209, 629, 54, 56, 87, 25, 526, 495, 464, 534, 404, 344, 313, 282, 251, 222, 253, 220, 342, 311, 280, 340, 189, 218, 249, 247, 187, 127, 156, 216, 185, 245, 214, 274, 276, 278, 307, 338, 309, 369, 336, 305, 243, 272, 303, 334, 509, 803, 834, 367, 365, 396, 427, 398, 429, 400, 371, 27, 332, 363, 394, 425, 456, 458, 269, 329, 487, 392, 423, 454, 361, 452, 483, 481, 450, 421, 485, 514, 545, 516, 512, 543, 572, 574, 603, 632, 634, 605, 576, 541, 601, 630, 607, 578, 547, 518, 549, 154, 123, 183, 125, 94, 390, 555, 524, 553, 522, 551, 520, 489, 460, 491, 431, 462, 433, 402, 493, 373, 580, 609, 640, 638, 669, 698, 611, 700, 671, 642, 729, 760, 731, 762, 733, 791, 822, 702, 704, 644, 615, 613, 584, 673, 582, 675, 758, 853, 96, 65, 36, 5, 270, 241, 330, 181, 152, 212, 92, 210, 301, 855, 884, 770, 799, 809, 787, 801, 832, 861, 892, 830, 859, 857, 886, 863, 865, 894, 896, 789, 818, 820, 849, 878, 880, 851, 882, 847, 828, 510, 17, 389, 890, 21, 636, 667, 665, 570, 121, 150, 888, 149, 118, 89, 58, 29, 696, 725, 756, 727, 785, 816, 845, 814, 874, 783, 843, 812, 872, 781, 841, 810, 750, 752, 721, 692, 723, 694, 663, 661, 690, 754, 61, 90, 30, 1, 32, 3, 34, 63, 876, 898, 869, 870]
Solve time: 2.5988 seconds

================================================================================

Graph #4
----------------------------------------
Number of nodes: 900
Number of edges: 1740

Solution Status: Successful
Maximum cut size: 88759.0
Selected vertices: [48, 79, 108, 139, 137, 166, 135, 164, 106, 133, 46, 75, 15, 77, 102, 104, 73, 71, 162, 193, 191, 168, 199, 230, 201, 170, 228, 259, 290, 261, 321, 352, 292, 323, 263, 232, 294, 350, 172, 234, 203, 44, 224, 195, 226, 110, 141, 112, 131, 160, 189, 100, 129, 220, 158, 98, 69, 38, 67, 96, 127, 40, 9, 11, 251, 249, 280, 278, 309, 307, 338, 367, 398, 156, 42, 340, 369, 429, 400, 458, 427, 396, 456, 425, 253, 282, 311, 342, 371, 222, 81, 255, 284, 315, 286, 257, 344, 375, 346, 348, 319, 288, 377, 408, 406, 404, 373, 402, 431, 433, 435, 460, 491, 489, 462, 522, 493, 464, 524, 520, 518, 487, 547, 516, 545, 514, 485, 543, 512, 541, 510, 481, 454, 578, 609, 580, 638, 549, 551, 576, 607, 605, 636, 574, 667, 696, 669, 640, 665, 725, 694, 723, 754, 752, 783, 781, 721, 634, 750, 437, 570, 572, 603, 439, 468, 466, 495, 526, 379, 381, 410, 441, 470, 501, 499, 472, 530, 497, 528, 412, 559, 590, 588, 561, 621, 557, 617, 586, 646, 615, 584, 582, 553, 619, 555, 17, 611, 642, 671, 613, 644, 673, 702, 733, 704, 731, 762, 735, 764, 795, 766, 824, 826, 853, 793, 797, 855, 737, 677, 708, 739, 710, 648, 218, 692, 663, 632, 661, 690, 601, 630, 592, 247, 741, 770, 799, 768, 828, 859, 801, 830, 772, 890, 712, 681, 197, 313, 483, 187, 317, 675, 706, 532, 650, 13, 700, 450, 652, 679, 803, 888, 857, 886, 383, 354, 423, 394, 452, 421, 392, 365, 363, 334, 332, 303, 361, 390, 65, 174, 143, 114, 83, 54, 85, 52, 25, 23, 21, 50, 19, 272, 301, 241, 212, 243, 274, 276, 245, 216, 214, 183, 185, 152, 123, 94, 125, 154, 181, 121, 305, 34, 150, 210, 90, 683, 623, 654, 743, 714, 774, 563, 503, 474, 414, 445, 443, 416, 447, 476, 505, 507, 536, 534, 565, 594, 625, 596, 385, 538, 567, 805, 685, 656, 627, 687, 658, 716, 776, 747, 718, 689, 778, 749, 809, 807, 836, 867, 896, 865, 834, 863, 894, 861, 832, 838, 892, 598, 569, 629, 478, 509, 449, 418, 387, 358, 356, 389, 745, 63, 61, 92, 32, 3, 30, 1, 325, 760, 791, 822, 851, 789, 758, 729, 698, 727, 756, 787, 818, 849, 880, 820, 878, 847, 816, 876, 845, 814, 812, 843, 874, 882, 785, 884, 265, 236, 296, 327, 267, 205, 176, 207, 178, 147, 238, 269, 298, 329, 209, 116, 118, 56, 87, 58, 27, 149, 89, 872, 29, 36, 7, 270, 810, 870, 841, 145, 869, 898, 336, 330, 5]
Solve time: 2.6032 seconds

================================================================================

Graph #5
----------------------------------------
Number of nodes: 900
Number of edges: 1740

Solution Status: Successful
Maximum cut size: 88685.0
Selected vertices: [545, 576, 547, 518, 549, 578, 489, 580, 611, 609, 551, 582, 553, 520, 642, 613, 584, 615, 644, 673, 702, 671, 700, 731, 729, 675, 704, 735, 766, 706, 677, 708, 646, 768, 797, 679, 648, 733, 764, 795, 824, 826, 855, 886, 737, 770, 799, 801, 830, 859, 888, 890, 857, 828, 884, 793, 762, 760, 789, 820, 822, 851, 758, 882, 791, 853, 650, 681, 710, 652, 617, 586, 487, 458, 460, 429, 400, 398, 369, 367, 371, 402, 433, 462, 464, 493, 491, 522, 404, 435, 373, 375, 406, 437, 466, 408, 377, 346, 317, 288, 286, 257, 315, 255, 226, 195, 197, 166, 168, 228, 199, 497, 468, 499, 528, 526, 439, 470, 530, 559, 501, 472, 532, 516, 137, 135, 106, 108, 104, 77, 164, 79, 561, 621, 592, 563, 623, 594, 625, 654, 685, 656, 716, 683, 627, 596, 658, 718, 687, 714, 745, 712, 253, 193, 222, 224, 191, 251, 282, 162, 75, 348, 319, 290, 259, 46, 48, 19, 50, 17, 110, 81, 139, 52, 21, 170, 141, 379, 350, 410, 381, 321, 412, 443, 352, 383, 323, 354, 340, 311, 280, 590, 588, 619, 557, 309, 338, 292, 261, 230, 201, 232, 263, 172, 203, 294, 234, 265, 325, 205, 174, 112, 83, 385, 356, 414, 15, 44, 13, 73, 42, 71, 102, 40, 69, 38, 7, 133, 67, 131, 100, 160, 220, 189, 249, 218, 158, 187, 129, 156, 96, 125, 127, 98, 36, 5, 65, 34, 94, 431, 739, 441, 555, 63, 296, 524, 495, 143, 9, 23, 342, 313, 344, 284, 11, 427, 456, 396, 689, 416, 832, 861, 892, 863, 894, 865, 896, 867, 836, 838, 809, 898, 807, 776, 747, 778, 805, 774, 803, 772, 743, 741, 749, 834, 92, 123, 154, 185, 216, 214, 245, 183, 247, 274, 276, 336, 307, 305, 334, 54, 278, 365, 363, 394, 425, 454, 423, 392, 485, 452, 421, 483, 514, 543, 481, 512, 572, 303, 332, 361, 301, 272, 241, 243, 210, 181, 121, 152, 150, 869, 330, 212, 598, 629, 569, 538, 567, 536, 565, 509, 507, 478, 447, 476, 505, 474, 503, 445, 534, 449, 270, 327, 267, 236, 207, 176, 145, 238, 178, 269, 298, 329, 358, 387, 147, 116, 85, 118, 114, 149, 56, 58, 87, 209, 25, 27, 418, 389, 61, 32, 90, 3, 1, 30, 574, 603, 634, 632, 663, 601, 605, 692, 661, 630, 541, 570, 721, 690, 29, 89, 750, 781, 752, 810, 812, 841, 872, 636, 638, 607, 667, 698, 696, 665, 727, 694, 725, 723, 754, 756, 785, 816, 787, 818, 847, 845, 876, 874, 843, 849, 878, 783, 814, 669, 640, 870, 880, 390, 450, 510]
Solve time: 1.3416 seconds

================================================================================


Summary Statistics
----------------------------------------
File processed: sample_grid_30x30_grid_30x30_w1-100.json
Total graphs processed: 5
Successful solutions: 5
Average maximum cut size: 88099.20
Average solve time: 2.3615 seconds
================================================================================
