Maximum Cut Analysis Report
Generated at: 2025-05-12 20:42:49
================================================================================


Graph #1
----------------------------------------
Number of nodes: 4
Number of edges: 4

Solution Status: Successful
Maximum cut size: 246.0
Selected vertices: [0, 3]
Solve time: 0.0390 seconds

================================================================================

Graph #2
----------------------------------------
Number of nodes: 4
Number of edges: 4

Solution Status: Successful
Maximum cut size: 280.0
Selected vertices: [1, 2]
Solve time: 0.0004 seconds

================================================================================

Graph #3
----------------------------------------
Number of nodes: 4
Number of edges: 4

Solution Status: Successful
Maximum cut size: 208.0
Selected vertices: [1, 2]
Solve time: 0.0004 seconds

================================================================================

Graph #4
----------------------------------------
Number of nodes: 4
Number of edges: 4

Solution Status: Successful
Maximum cut size: 226.0
Selected vertices: [3, 0]
Solve time: 0.0003 seconds

================================================================================

Graph #5
----------------------------------------
Number of nodes: 4
Number of edges: 4

Solution Status: Successful
Maximum cut size: 144.0
Selected vertices: [2, 1]
Solve time: 0.0004 seconds

================================================================================


Summary Statistics
----------------------------------------
File processed: sample_grid_2x2_grid_2x2_w1-100.json
Total graphs processed: 5
Successful solutions: 5
Average maximum cut size: 220.80
Average solve time: 0.0081 seconds
================================================================================
