Maximum Cut Analysis Report
Generated at: 2025-05-12 20:19:35
================================================================================


Graph #1
----------------------------------------
Number of nodes: 400
Number of edges: 760

Solution Status: Successful
Maximum cut size: 37604.0
Selected vertices: [117, 138, 157, 159, 136, 176, 98, 197, 218, 237, 239, 258, 216, 256, 277, 298, 317, 275, 254, 235, 214, 195, 233, 193, 319, 279, 273, 252, 296, 172, 212, 178, 199, 292, 271, 290, 250, 269, 248, 229, 231, 210, 191, 189, 170, 149, 168, 208, 309, 311, 330, 351, 332, 313, 294, 334, 353, 374, 355, 336, 376, 357, 395, 338, 315, 372, 393, 370, 391, 349, 288, 267, 227, 246, 187, 206, 225, 204, 185, 265, 244, 223, 183, 202, 221, 242, 286, 307, 326, 305, 284, 263, 328, 347, 366, 345, 364, 389, 368, 162, 143, 164, 145, 166, 147, 126, 124, 105, 119, 387, 385, 86, 107, 128, 155, 174, 153, 134, 115, 359, 122, 132, 151, 130, 111, 113, 181, 200, 160, 141, 67, 88, 65, 46, 44, 25, 63, 84, 4, 90, 69, 109, 92, 71, 48, 50, 29, 27, 6, 31, 52, 10, 33, 8, 12, 42, 23, 21, 2, 40, 61, 82, 101, 80, 0, 120, 343, 383, 303, 324, 322, 341, 362, 282, 301, 320, 261, 103, 280, 360, 381, 240, 79, 54, 73, 94, 75, 96, 77, 56, 35, 16, 14, 58, 37, 18, 39, 397, 378, 399]
Solve time: 0.5790 seconds

================================================================================

Graph #2
----------------------------------------
Number of nodes: 400
Number of edges: 760

Solution Status: Successful
Maximum cut size: 37885.0
Selected vertices: [75, 54, 56, 35, 37, 16, 96, 14, 33, 52, 73, 94, 12, 92, 31, 50, 39, 58, 79, 18, 77, 115, 134, 113, 136, 117, 138, 119, 159, 157, 178, 199, 132, 153, 151, 130, 172, 191, 193, 214, 174, 233, 212, 111, 90, 109, 88, 48, 149, 170, 107, 67, 86, 128, 147, 168, 187, 254, 252, 273, 294, 275, 256, 235, 296, 155, 195, 216, 237, 176, 258, 277, 298, 279, 197, 71, 105, 126, 145, 166, 124, 206, 185, 204, 164, 225, 246, 227, 208, 248, 267, 229, 210, 231, 250, 271, 269, 288, 286, 307, 328, 309, 290, 311, 292, 330, 332, 351, 313, 349, 347, 326, 305, 324, 69, 218, 239, 98, 265, 189, 284, 303, 244, 263, 223, 345, 366, 364, 385, 387, 368, 389, 370, 343, 322, 341, 362, 383, 381, 360, 242, 372, 143, 122, 103, 84, 63, 65, 46, 44, 25, 23, 4, 141, 27, 120, 101, 82, 61, 42, 80, 40, 21, 6, 160, 181, 202, 200, 221, 240, 183, 162, 261, 282, 301, 280, 320, 391, 29, 10, 8, 2, 0, 317, 338, 319, 357, 376, 397, 378, 399, 336, 315, 334, 355, 374, 353, 395, 393, 359]
Solve time: 0.6109 seconds

================================================================================

Graph #3
----------------------------------------
Number of nodes: 400
Number of edges: 760

Solution Status: Successful
Maximum cut size: 39259.0
Selected vertices: [153, 132, 174, 195, 216, 176, 235, 256, 237, 254, 273, 275, 277, 294, 315, 292, 296, 317, 298, 336, 258, 338, 357, 378, 359, 279, 397, 376, 155, 157, 136, 115, 96, 197, 94, 75, 134, 178, 159, 218, 138, 117, 98, 119, 113, 111, 92, 73, 71, 90, 109, 69, 88, 107, 128, 67, 48, 126, 105, 124, 130, 149, 147, 168, 145, 187, 166, 185, 206, 164, 143, 86, 50, 227, 183, 29, 208, 151, 170, 31, 52, 12, 33, 54, 35, 56, 77, 37, 58, 18, 39, 14, 239, 225, 204, 223, 244, 246, 265, 267, 248, 269, 202, 284, 286, 305, 324, 263, 288, 199, 313, 10, 8, 27, 6, 46, 65, 84, 44, 25, 319, 23, 103, 307, 326, 328, 309, 290, 345, 250, 271, 311, 332, 334, 353, 351, 355, 330, 364, 343, 303, 282, 322, 301, 347, 261, 280, 240, 221, 242, 320, 372, 374, 395, 393, 193, 191, 189, 210, 229, 231, 233, 252, 212, 214, 349, 368, 370, 389, 387, 385, 383, 362, 341, 381, 360, 172, 366, 391, 16, 399, 79, 4, 2, 122, 82, 63, 101, 42, 61, 21, 40, 0, 120, 141, 162, 160, 200, 181, 80]
Solve time: 0.5121 seconds

================================================================================

Graph #4
----------------------------------------
Number of nodes: 400
Number of edges: 760

Solution Status: Successful
Maximum cut size: 37938.0
Selected vertices: [45, 26, 64, 83, 85, 43, 104, 123, 24, 5, 125, 144, 165, 146, 127, 186, 184, 87, 108, 106, 129, 110, 150, 131, 112, 91, 93, 72, 133, 152, 171, 154, 169, 148, 188, 207, 192, 173, 194, 175, 135, 116, 156, 95, 114, 196, 70, 51, 53, 74, 34, 15, 13, 66, 47, 68, 89, 49, 28, 30, 11, 9, 32, 228, 209, 230, 211, 232, 251, 253, 272, 190, 213, 234, 247, 215, 167, 255, 274, 295, 249, 102, 3, 55, 36, 57, 76, 97, 118, 99, 78, 59, 38, 17, 137, 158, 177, 198, 217, 219, 139, 179, 236, 257, 276, 278, 259, 297, 299, 318, 337, 238, 316, 226, 205, 245, 224, 163, 142, 7, 268, 19, 182, 203, 339, 335, 314, 293, 333, 312, 354, 373, 394, 375, 396, 356, 377, 358, 398, 379, 291, 310, 331, 289, 270, 308, 352, 371, 350, 392, 390, 287, 266, 329, 222, 243, 262, 281, 283, 302, 264, 285, 260, 241, 220, 300, 201, 180, 161, 121, 321, 323, 342, 344, 304, 325, 306, 327, 346, 348, 365, 367, 388, 369, 386, 384, 340, 361, 363, 382, 140, 22, 62, 41, 81, 60, 100, 20, 1, 380]
Solve time: 0.5123 seconds

================================================================================

Graph #5
----------------------------------------
Number of nodes: 400
Number of edges: 760

Solution Status: Successful
Maximum cut size: 37684.0
Selected vertices: [349, 368, 347, 389, 370, 351, 372, 391, 332, 353, 313, 393, 374, 355, 334, 311, 290, 309, 307, 288, 328, 269, 292, 326, 305, 345, 366, 284, 385, 387, 263, 242, 223, 202, 221, 282, 200, 181, 183, 204, 244, 225, 246, 267, 265, 286, 162, 206, 185, 166, 164, 145, 143, 271, 248, 229, 227, 261, 273, 252, 231, 212, 254, 233, 210, 193, 214, 174, 195, 176, 155, 235, 134, 197, 216, 237, 256, 250, 153, 172, 132, 113, 330, 157, 136, 115, 315, 275, 294, 277, 296, 258, 218, 298, 279, 239, 199, 178, 317, 338, 357, 376, 319, 336, 359, 378, 160, 141, 303, 151, 208, 399, 191, 170, 189, 168, 187, 147, 149, 130, 111, 109, 128, 90, 69, 92, 71, 88, 67, 48, 50, 29, 31, 10, 8, 27, 52, 33, 12, 73, 54, 94, 6, 25, 46, 4, 44, 86, 126, 107, 75, 96, 77, 56, 35, 14, 16, 117, 105, 65, 84, 63, 42, 23, 2, 82, 103, 124, 395, 397, 21, 40, 61, 101, 80, 122, 120, 0, 324, 343, 364, 37, 58, 18, 39, 98, 79, 119, 138, 159, 322, 301, 320, 341, 360, 381, 362, 383, 280, 240]
Solve time: 0.5801 seconds

================================================================================


Summary Statistics
----------------------------------------
File processed: sample_grid_20x20_grid_20x20_w1-100.json
Total graphs processed: 5
Successful solutions: 5
Average maximum cut size: 38074.00
Average solve time: 0.5589 seconds
================================================================================
