Maximum Cut Analysis Report
Generated at: 2025-05-12 20:18:27
================================================================================


Graph #1
----------------------------------------
Number of nodes: 100
Number of edges: 180

Solution Status: Successful
Maximum cut size: 9193.0
Selected vertices: [36, 25, 34, 16, 7, 27, 18, 29, 38, 43, 23, 14, 3, 12, 52, 41, 32, 21, 1, 10, 54, 63, 61, 72, 30, 50, 70, 5, 45, 56, 47, 65, 49, 58, 9, 76, 74, 85, 94, 96, 67, 90, 92, 81, 83, 87, 98, 89, 69, 78]
Solve time: 0.0700 seconds

================================================================================

Graph #2
----------------------------------------
Number of nodes: 100
Number of edges: 180

Solution Status: Successful
Maximum cut size: 8979.0
Selected vertices: [91, 80, 82, 73, 84, 75, 86, 77, 97, 88, 99, 79, 68, 95, 62, 71, 53, 42, 33, 51, 24, 60, 22, 31, 20, 40, 13, 11, 44, 64, 35, 26, 37, 48, 59, 57, 39, 28, 17, 6, 8, 19, 15, 93, 46, 66, 55, 4, 2, 0]
Solve time: 0.0629 seconds

================================================================================

Graph #3
----------------------------------------
Number of nodes: 100
Number of edges: 180

Solution Status: Successful
Maximum cut size: 9264.0
Selected vertices: [62, 82, 71, 80, 91, 51, 53, 64, 55, 66, 77, 68, 79, 88, 59, 86, 97, 73, 75, 84, 93, 95, 40, 60, 31, 22, 33, 44, 35, 46, 24, 13, 15, 4, 57, 37, 48, 26, 28, 39, 42, 20, 11, 99, 2, 0, 19, 8, 6, 17]
Solve time: 0.0589 seconds

================================================================================

Graph #4
----------------------------------------
Number of nodes: 100
Number of edges: 180

Solution Status: Successful
Maximum cut size: 9382.0
Selected vertices: [53, 62, 73, 64, 55, 66, 33, 22, 42, 31, 40, 51, 44, 46, 35, 24, 84, 82, 71, 91, 60, 80, 37, 95, 86, 77, 75, 97, 68, 79, 57, 59, 48, 88, 39, 99, 93, 28, 26, 17, 19, 8, 20, 11, 2, 4, 13, 15, 0, 6]
Solve time: 0.0556 seconds

================================================================================

Graph #5
----------------------------------------
Number of nodes: 100
Number of edges: 180

Solution Status: Successful
Maximum cut size: 8691.0
Selected vertices: [23, 34, 43, 45, 36, 47, 56, 58, 69, 78, 67, 89, 25, 27, 16, 5, 14, 18, 9, 7, 29, 38, 32, 76, 65, 54, 63, 52, 61, 74, 72, 85, 87, 96, 50, 41, 30, 21, 10, 12, 1, 49, 98, 3, 83, 70, 81, 92, 90, 94]
Solve time: 0.0528 seconds

================================================================================


Summary Statistics
----------------------------------------
File processed: sample_grid_10x10_grid_10x10_w1-100.json
Total graphs processed: 5
Successful solutions: 5
Average maximum cut size: 9101.80
Average solve time: 0.0600 seconds
================================================================================
