Minimum Vertex Cover Analysis Report
Generated at: 2025-05-12 20:16:41
================================================================================


Graph #1
----------------------------------------
Number of nodes: 1000
Number of edges: 999

Solution Status: Successful
Minimum vertex cover size: 441.0
Selected vertices: [869, 805, 157, 54, 24, 918, 475, 765, 484, 71, 642, 723, 936, 47, 36, 87, 206, 914, 527, 135, 192, 160, 323, 238, 96, 927, 384, 581, 823, 853, 52, 980, 986, 510, 274, 744, 810, 145, 22, 83, 317, 456, 599, 704, 912, 913, 346, 802, 209, 530, 126, 6, 735, 405, 25, 349, 529, 546, 955, 866, 360, 240, 429, 906, 899, 820, 592, 333, 231, 849, 207, 573, 860, 786, 261, 441, 398, 964, 878, 351, 809, 319, 315, 749, 957, 422, 316, 268, 313, 381, 549, 910, 62, 462, 389, 885, 689, 525, 589, 667, 784, 801, 931, 2, 211, 193, 114, 370, 611, 841, 944, 976, 124, 33, 426, 511, 924, 448, 67, 262, 403, 500, 77, 197, 304, 799, 830, 736, 109, 427, 300, 201, 670, 40, 875, 310, 65, 436, 992, 182, 170, 725, 930, 424, 718, 17, 283, 438, 998, 947, 989, 956, 377, 638, 443, 212, 840, 390, 630, 452, 399, 551, 664, 571, 991, 897, 391, 90, 218, 999, 646, 164, 890, 187, 408, 729, 737, 948, 978, 129, 331, 997, 945, 459, 0, 470, 442, 267, 305, 487, 634, 821, 515, 141, 9, 138, 356, 374, 414, 864, 29, 289, 66, 106, 82, 326, 123, 528, 230, 454, 308, 620, 336, 590, 366, 743, 445, 580, 512, 609, 651, 895, 732, 788, 797, 874, 824, 850, 329, 353, 273, 873, 545, 561, 861, 881, 781, 610, 845, 235, 272, 339, 401, 522, 747, 80, 517, 624, 13, 74, 188, 595, 226, 582, 632, 102, 111, 178, 282, 481, 776, 796, 21, 37, 59, 63, 78, 88, 98, 113, 115, 125, 131, 150, 156, 184, 198, 210, 224, 250, 270, 341, 392, 463, 498, 586, 621, 640, 659, 681, 701, 760, 761, 795, 804, 843, 854, 4, 5, 7, 11, 15, 18, 20, 26, 27, 28, 31, 34, 44, 990, 46, 53, 56, 57, 58, 73, 75, 76, 81, 985, 84, 89, 91, 93, 103, 112, 117, 982, 118, 119, 121, 996, 127, 128, 132, 137, 140, 142, 143, 144, 146, 149, 154, 159, 163, 166, 168, 169, 172, 176, 194, 196, 200, 208, 213, 219, 220, 222, 223, 227, 228, 237, 243, 245, 249, 256, 257, 263, 266, 974, 277, 290, 291, 301, 303, 309, 318, 320, 322, 325, 344, 354, 355, 358, 359, 970, 361, 364, 368, 369, 371, 379, 386, 387, 400, 954, 406, 953, 415, 425, 430, 440, 446, 473, 494, 503, 506, 932, 513, 514, 534, 564, 570, 584, 585, 602, 607, 923, 608, 921, 619, 622, 639, 917, 644, 645, 665, 674, 677, 684, 702, 915, 705, 721, 722, 727, 759, 848, 806, 822]
Solve time: -0.7789 seconds

================================================================================

Graph #2
----------------------------------------
Number of nodes: 1000
Number of edges: 999

Solution Status: Successful
Minimum vertex cover size: 424.0
Selected vertices: [226, 507, 661, 954, 591, 968, 960, 339, 150, 909, 927, 292, 941, 535, 437, 633, 251, 426, 484, 152, 918, 956, 839, 443, 267, 5, 116, 733, 779, 142, 395, 429, 177, 127, 653, 530, 664, 367, 936, 428, 805, 188, 425, 675, 742, 240, 106, 351, 917, 565, 205, 539, 887, 29, 30, 92, 103, 145, 401, 585, 790, 980, 751, 3, 859, 0, 404, 845, 659, 886, 294, 316, 636, 147, 510, 121, 370, 748, 851, 513, 527, 105, 734, 328, 682, 218, 321, 609, 162, 592, 583, 183, 652, 112, 953, 758, 677, 382, 291, 578, 324, 403, 508, 13, 929, 231, 28, 595, 107, 164, 829, 223, 400, 170, 385, 699, 995, 840, 852, 891, 930, 937, 987, 631, 65, 542, 868, 221, 533, 79, 638, 356, 442, 617, 576, 70, 129, 132, 130, 552, 483, 693, 893, 822, 862, 691, 703, 640, 770, 801, 254, 354, 598, 149, 416, 796, 989, 905, 186, 414, 444, 173, 915, 268, 776, 722, 333, 759, 280, 843, 645, 994, 651, 597, 942, 475, 971, 553, 71, 818, 438, 355, 596, 491, 56, 738, 119, 281, 672, 393, 534, 747, 558, 184, 756, 875, 964, 882, 345, 516, 488, 945, 347, 69, 82, 25, 317, 559, 43, 966, 44, 613, 45, 979, 89, 178, 122, 604, 123, 807, 138, 198, 172, 460, 215, 795, 247, 568, 261, 769, 295, 880, 397, 405, 470, 506, 486, 518, 495, 723, 509, 719, 577, 655, 642, 925, 647, 821, 658, 957, 798, 834, 250, 109, 877, 23, 227, 698, 114, 278, 874, 287, 493, 674, 562, 456, 10, 336, 718, 229, 298, 519, 648, 650, 730, 16, 923, 11, 271, 391, 998, 17, 54, 999, 61, 104, 133, 151, 214, 232, 258, 260, 288, 290, 320, 341, 344, 417, 418, 423, 489, 524, 556, 599, 605, 625, 715, 928, 6, 9, 18, 978, 20, 24, 27, 982, 32, 973, 42, 975, 49, 50, 52, 967, 55, 961, 57, 60, 62, 67, 72, 958, 73, 77, 78, 84, 85, 95, 102, 110, 120, 153, 156, 160, 161, 167, 171, 176, 189, 190, 200, 201, 204, 216, 219, 220, 234, 236, 239, 242, 244, 255, 262, 264, 266, 274, 277, 284, 285, 955, 286, 296, 299, 308, 309, 315, 319, 323, 325, 327, 334, 335, 338, 343, 348, 361, 364, 378, 381, 386, 411, 952, 431, 457, 480, 490, 494, 498, 503, 505, 520, 950, 537, 943, 560, 587, 600, 922, 634, 646, 656, 662, 680, 689, 705, 706, 729, 736, 746, 755, 761, 855, 812, 836]
Solve time: 0.3645 seconds

================================================================================

Graph #3
----------------------------------------
Number of nodes: 1000
Number of edges: 999

Solution Status: Successful
Minimum vertex cover size: 434.0
Selected vertices: [85, 940, 532, 310, 394, 380, 969, 726, 403, 548, 934, 729, 154, 881, 262, 783, 134, 156, 439, 46, 921, 64, 612, 604, 879, 179, 195, 72, 689, 145, 216, 898, 759, 461, 869, 191, 356, 748, 135, 641, 652, 988, 244, 539, 514, 198, 499, 904, 927, 577, 242, 671, 797, 688, 417, 847, 45, 521, 814, 254, 297, 636, 572, 15, 670, 348, 952, 935, 899, 3, 213, 138, 395, 886, 861, 623, 470, 328, 543, 772, 615, 288, 700, 453, 525, 75, 370, 157, 817, 193, 318, 774, 2, 924, 708, 41, 629, 467, 617, 192, 272, 416, 102, 457, 452, 816, 194, 787, 66, 124, 87, 505, 422, 794, 956, 579, 752, 365, 324, 795, 620, 627, 338, 391, 777, 920, 950, 551, 174, 399, 222, 432, 313, 526, 451, 141, 914, 281, 484, 785, 115, 715, 371, 917, 460, 542, 668, 148, 510, 367, 34, 682, 721, 773, 243, 158, 215, 835, 804, 756, 984, 51, 402, 730, 666, 474, 954, 915, 162, 684, 229, 840, 883, 810, 12, 745, 492, 609, 280, 560, 225, 264, 303, 362, 884, 140, 378, 961, 983, 8, 702, 44, 304, 624, 750, 763, 597, 531, 0, 429, 792, 489, 616, 96, 142, 405, 986, 517, 409, 487, 13, 246, 464, 735, 106, 22, 406, 61, 979, 68, 793, 93, 369, 200, 658, 206, 767, 241, 948, 347, 864, 360, 458, 530, 675, 650, 857, 770, 980, 276, 938, 975, 31, 97, 143, 585, 634, 176, 271, 336, 744, 863, 687, 373, 695, 926, 188, 421, 963, 105, 214, 239, 283, 415, 420, 536, 747, 755, 769, 991, 18, 24, 62, 92, 98, 101, 104, 113, 121, 123, 126, 152, 165, 172, 177, 234, 248, 249, 251, 282, 339, 353, 354, 361, 442, 463, 493, 500, 501, 508, 520, 534, 549, 556, 587, 605, 791, 850, 6, 990, 10, 19, 25, 981, 26, 977, 28, 32, 33, 971, 37, 957, 48, 58, 60, 992, 73, 953, 76, 955, 84, 86, 88, 946, 91, 941, 99, 108, 111, 949, 118, 120, 128, 130, 132, 146, 147, 149, 159, 169, 180, 182, 184, 190, 217, 218, 221, 224, 228, 230, 235, 245, 247, 253, 258, 260, 263, 273, 277, 291, 299, 301, 305, 321, 330, 334, 349, 363, 364, 937, 382, 387, 392, 393, 397, 400, 418, 419, 424, 431, 443, 446, 448, 471, 472, 475, 478, 485, 486, 503, 511, 931, 518, 527, 544, 550, 559, 570, 584, 588, 591, 930, 607, 925, 613, 614, 632, 916, 640, 643, 653, 672, 674, 678, 680, 699, 705, 716, 732, 740, 801, 892, 828, 836]
Solve time: 0.3598 seconds

================================================================================

Graph #4
----------------------------------------
Number of nodes: 1000
Number of edges: 999

Solution Status: Successful
Minimum vertex cover size: 426.0
Selected vertices: [608, 663, 394, 855, 207, 148, 612, 718, 996, 891, 261, 535, 674, 295, 818, 813, 72, 233, 27, 738, 493, 445, 964, 358, 20, 303, 787, 439, 335, 431, 912, 421, 119, 929, 489, 420, 514, 699, 202, 376, 317, 629, 970, 954, 938, 636, 215, 104, 143, 391, 402, 536, 698, 746, 778, 799, 883, 589, 838, 124, 754, 687, 792, 900, 107, 433, 990, 290, 113, 227, 409, 165, 921, 607, 459, 782, 37, 59, 213, 870, 61, 149, 316, 973, 337, 464, 269, 428, 260, 54, 766, 283, 400, 774, 3, 185, 494, 944, 643, 830, 861, 582, 934, 823, 231, 737, 1, 518, 101, 502, 424, 816, 9, 40, 234, 566, 688, 498, 328, 747, 153, 516, 293, 752, 857, 457, 513, 655, 432, 167, 58, 471, 184, 671, 757, 783, 918, 661, 895, 398, 905, 584, 403, 946, 734, 963, 77, 91, 696, 739, 485, 630, 597, 733, 63, 890, 407, 985, 354, 250, 434, 553, 541, 789, 980, 451, 240, 340, 228, 251, 298, 561, 864, 430, 450, 917, 82, 906, 460, 100, 6, 146, 442, 456, 470, 380, 166, 422, 682, 953, 500, 862, 614, 558, 835, 715, 306, 645, 187, 106, 17, 576, 910, 867, 189, 383, 728, 759, 97, 975, 133, 268, 139, 210, 147, 360, 225, 664, 238, 877, 313, 894, 332, 758, 362, 974, 440, 511, 571, 930, 651, 859, 15, 326, 274, 923, 52, 517, 712, 57, 23, 545, 150, 35, 201, 209, 249, 256, 315, 374, 412, 126, 722, 429, 670, 967, 438, 510, 620, 672, 708, 556, 779, 793, 408, 92, 987, 804, 634, 902, 21, 32, 53, 134, 190, 286, 382, 387, 401, 468, 496, 660, 732, 583, 613, 26, 85, 99, 151, 164, 168, 178, 237, 264, 301, 305, 321, 351, 355, 397, 416, 427, 452, 483, 486, 501, 530, 532, 546, 591, 627, 628, 650, 765, 814, 887, 922, 182, 324, 762, 0, 998, 2, 5, 10, 979, 11, 978, 22, 33, 34, 981, 39, 44, 56, 60, 64, 69, 74, 79, 80, 89, 96, 103, 114, 116, 118, 120, 122, 131, 132, 135, 145, 157, 158, 163, 170, 174, 181, 183, 188, 196, 200, 214, 229, 230, 232, 235, 245, 255, 259, 966, 276, 300, 310, 319, 322, 341, 345, 347, 348, 352, 368, 372, 379, 381, 393, 405, 413, 417, 426, 441, 453, 955, 458, 463, 473, 474, 492, 505, 533, 548, 574, 949, 587, 948, 588, 593, 594, 947, 604, 606, 616, 622, 639, 649, 658, 659, 669, 681, 713, 750, 785, 848, 811, 839]
Solve time: 0.4231 seconds

================================================================================

Graph #5
----------------------------------------
Number of nodes: 1000
Number of edges: 999

Solution Status: Successful
Minimum vertex cover size: 437.0
Selected vertices: [577, 650, 734, 938, 894, 731, 289, 424, 911, 532, 973, 814, 824, 303, 209, 30, 199, 395, 847, 598, 626, 35, 874, 156, 845, 278, 989, 751, 627, 889, 556, 609, 184, 904, 758, 771, 180, 221, 332, 381, 385, 560, 589, 772, 903, 447, 352, 338, 654, 991, 412, 843, 97, 168, 432, 355, 422, 208, 287, 719, 240, 324, 953, 925, 137, 521, 128, 181, 689, 277, 675, 231, 89, 116, 372, 939, 713, 880, 988, 803, 144, 139, 69, 403, 525, 658, 718, 774, 222, 652, 41, 744, 582, 135, 919, 70, 584, 639, 944, 721, 480, 922, 272, 64, 527, 187, 410, 559, 79, 618, 888, 892, 676, 237, 587, 365, 562, 839, 995, 51, 28, 451, 48, 859, 780, 238, 637, 783, 33, 716, 804, 150, 607, 165, 317, 813, 767, 176, 243, 855, 50, 648, 936, 29, 611, 143, 563, 121, 605, 929, 748, 468, 251, 638, 266, 260, 863, 495, 971, 374, 138, 912, 999, 967, 987, 42, 195, 490, 53, 511, 792, 367, 183, 10, 947, 54, 896, 708, 501, 530, 778, 133, 31, 250, 464, 629, 795, 820, 830, 886, 339, 875, 170, 614, 470, 171, 327, 361, 670, 985, 453, 802, 651, 391, 531, 500, 700, 274, 588, 94, 159, 528, 934, 26, 884, 37, 275, 55, 508, 60, 509, 123, 241, 126, 307, 198, 687, 227, 643, 302, 306, 336, 540, 466, 578, 625, 655, 636, 878, 664, 789, 709, 931, 948, 993, 122, 232, 822, 273, 242, 343, 119, 433, 290, 537, 513, 34, 945, 544, 17, 68, 72, 106, 174, 225, 484, 489, 552, 760, 148, 409, 134, 246, 253, 27, 40, 49, 56, 75, 80, 103, 108, 182, 190, 223, 258, 261, 268, 288, 292, 296, 301, 323, 331, 340, 347, 348, 364, 377, 383, 393, 415, 446, 514, 535, 573, 621, 634, 706, 761, 765, 785, 786, 817, 3, 7, 997, 8, 13, 15, 38, 39, 44, 47, 996, 52, 57, 59, 998, 65, 77, 81, 82, 95, 96, 100, 104, 107, 124, 129, 132, 147, 152, 155, 172, 173, 175, 179, 186, 194, 196, 202, 203, 204, 213, 228, 235, 248, 252, 254, 259, 262, 263, 267, 280, 286, 992, 291, 293, 309, 318, 329, 334, 359, 382, 390, 392, 396, 398, 400, 401, 411, 984, 414, 428, 431, 434, 438, 441, 443, 444, 445, 994, 448, 457, 460, 462, 463, 473, 486, 492, 493, 504, 515, 979, 518, 524, 539, 543, 546, 558, 570, 576, 579, 974, 586, 966, 590, 592, 600, 952, 642, 647, 663, 672, 710, 712, 727, 777, 805, 812, 815, 832, 834, 905, 848, 866]
Solve time: 0.4228 seconds

================================================================================


Summary Statistics
----------------------------------------
File processed: sample_trees_n1000_tree_n1000.json
Total graphs processed: 5
Successful solutions: 5
Average minimum vertex cover size: 432.40
Average solve time: 0.1582 seconds
================================================================================
