Minimum Vertex Cover Analysis Report
Generated at: 2025-05-13 04:03:27
================================================================================


Graph #1
----------------------------------------
Number of nodes: 300
Number of edges: 22325

Solution Status: Successful
Minimum vertex cover size: 298.0
Selected vertices: [167, 126, 144, 239, 54, 88, 39, 169, 131, 223, 7, 146, 273, 214, 200, 129, 97, 19, 202, 1, 295, 18, 175, 162, 187, 224, 237, 132, 25, 185, 62, 59, 33, 234, 277, 71, 210, 267, 197, 32, 41, 230, 161, 296, 77, 75, 58, 143, 156, 100, 232, 130, 258, 50, 285, 30, 264, 269, 69, 250, 231, 281, 28, 241, 265, 26, 145, 150, 225, 299, 128, 244, 114, 14, 274, 259, 61, 27, 160, 142, 22, 45, 275, 178, 220, 255, 283, 51, 205, 72, 16, 103, 297, 166, 261, 279, 287, 196, 67, 112, 222, 122, 38, 136, 179, 176, 116, 37, 206, 113, 13, 127, 34, 249, 43, 242, 272, 219, 215, 238, 251, 17, 98, 109, 66, 221, 236, 120, 226, 20, 171, 247, 65, 31, 278, 78, 11, 180, 245, 289, 135, 290, 217, 149, 253, 284, 252, 9, 298, 148, 254, 246, 151, 107, 158, 209, 81, 174, 137, 84, 79, 123, 165, 93, 110, 270, 101, 170, 3, 213, 155, 288, 193, 44, 188, 138, 55, 153, 10, 94, 36, 12, 228, 199, 74, 263, 141, 90, 207, 164, 91, 186, 87, 2, 294, 152, 0, 163, 177, 262, 192, 86, 168, 227, 248, 48, 23, 240, 40, 6, 216, 119, 76, 4, 82, 57, 173, 172, 46, 70, 282, 117, 291, 159, 108, 189, 89, 271, 111, 266, 280, 133, 198, 276, 56, 182, 83, 243, 229, 194, 60, 42, 154, 73, 35, 181, 211, 140, 24, 5, 293, 21, 95, 201, 218, 125, 63, 102, 115, 212, 121, 92, 157, 268, 68, 208, 49, 191, 184, 118, 80, 124, 195, 286, 233, 104, 292, 15, 256, 235, 8, 85, 29, 106, 52, 134, 147, 64, 96, 47, 183, 53, 105, 190, 203, 260, 99, 204]
Solve time: 0.3025 seconds

================================================================================

Graph #2
----------------------------------------
Number of nodes: 300
Number of edges: 22577

Solution Status: Successful
Minimum vertex cover size: 298.0
Selected vertices: [255, 133, 33, 237, 73, 34, 12, 206, 41, 282, 204, 201, 180, 171, 196, 49, 9, 230, 286, 285, 0, 202, 77, 299, 265, 86, 59, 170, 166, 249, 17, 36, 186, 110, 51, 222, 44, 194, 1, 257, 16, 146, 263, 58, 56, 266, 20, 160, 23, 239, 24, 15, 258, 182, 61, 188, 72, 6, 25, 163, 183, 261, 276, 262, 132, 241, 291, 127, 254, 148, 31, 198, 131, 272, 11, 253, 112, 71, 81, 164, 62, 122, 273, 35, 68, 220, 189, 135, 161, 153, 192, 154, 152, 116, 246, 53, 96, 10, 107, 38, 26, 138, 233, 280, 108, 214, 102, 13, 136, 120, 218, 128, 298, 87, 143, 45, 140, 84, 208, 55, 219, 125, 141, 78, 197, 99, 215, 119, 111, 267, 28, 228, 256, 225, 155, 27, 176, 3, 211, 40, 297, 277, 157, 65, 30, 210, 97, 279, 149, 159, 139, 22, 145, 118, 80, 67, 158, 32, 144, 94, 63, 269, 190, 281, 76, 117, 200, 236, 259, 106, 151, 175, 104, 240, 178, 270, 209, 123, 85, 221, 290, 129, 227, 244, 2, 103, 137, 193, 91, 74, 191, 231, 242, 292, 181, 264, 43, 54, 124, 142, 100, 235, 88, 93, 184, 5, 52, 89, 82, 260, 243, 95, 226, 295, 83, 29, 283, 60, 247, 271, 7, 284, 187, 232, 114, 98, 174, 46, 167, 92, 217, 113, 156, 4, 252, 126, 66, 275, 162, 203, 250, 224, 42, 268, 251, 287, 234, 179, 134, 168, 205, 70, 173, 172, 19, 177, 199, 274, 90, 57, 238, 248, 147, 278, 207, 121, 39, 64, 150, 79, 213, 8, 195, 293, 101, 169, 75, 245, 165, 185, 115, 294, 47, 37, 289, 223, 48, 105, 14, 21, 50, 69, 109, 288, 130, 212, 216, 229]
Solve time: 0.3137 seconds

================================================================================

Graph #3
----------------------------------------
Number of nodes: 300
Number of edges: 22370

Solution Status: Successful
Minimum vertex cover size: 298.0
Selected vertices: [10, 40, 145, 218, 181, 184, 137, 235, 16, 167, 86, 245, 121, 29, 247, 92, 139, 298, 210, 213, 141, 94, 238, 128, 56, 225, 11, 227, 230, 257, 98, 69, 8, 280, 43, 100, 285, 272, 237, 96, 185, 119, 177, 114, 146, 217, 172, 77, 197, 91, 115, 84, 273, 291, 215, 85, 190, 251, 7, 222, 162, 143, 204, 39, 295, 66, 133, 211, 268, 265, 140, 53, 125, 51, 283, 117, 173, 232, 93, 52, 266, 12, 199, 147, 6, 112, 151, 20, 164, 198, 79, 196, 275, 42, 191, 223, 192, 287, 104, 209, 49, 212, 195, 23, 249, 105, 82, 138, 165, 187, 290, 58, 201, 152, 45, 221, 134, 1, 22, 294, 248, 158, 289, 242, 202, 64, 156, 102, 296, 148, 135, 260, 254, 180, 299, 34, 178, 75, 224, 281, 127, 144, 203, 17, 255, 41, 271, 155, 129, 54, 68, 37, 18, 262, 9, 240, 234, 267, 109, 28, 182, 258, 205, 297, 31, 259, 130, 252, 169, 246, 166, 13, 188, 136, 103, 47, 220, 90, 111, 14, 110, 239, 0, 264, 2, 59, 159, 236, 284, 63, 3, 226, 132, 78, 107, 25, 44, 149, 83, 67, 274, 55, 269, 161, 24, 175, 131, 288, 30, 270, 123, 88, 97, 122, 160, 27, 293, 207, 5, 32, 278, 21, 4, 170, 38, 76, 208, 216, 65, 108, 46, 168, 241, 286, 95, 277, 124, 163, 219, 292, 113, 57, 150, 73, 106, 81, 171, 15, 70, 153, 256, 116, 200, 48, 229, 233, 228, 101, 186, 157, 118, 99, 50, 244, 154, 279, 80, 179, 35, 89, 62, 26, 282, 19, 183, 276, 193, 261, 189, 36, 253, 231, 61, 74, 174, 194, 243, 72, 126, 33, 60, 71, 87, 120, 142, 176, 206, 214]
Solve time: 0.3096 seconds

================================================================================

Graph #4
----------------------------------------
Number of nodes: 300
Number of edges: 22410

Solution Status: Successful
Minimum vertex cover size: 298.0
Selected vertices: [64, 186, 100, 291, 125, 40, 129, 223, 108, 191, 183, 99, 224, 203, 145, 11, 53, 94, 259, 265, 269, 246, 208, 82, 258, 26, 173, 135, 72, 114, 187, 177, 189, 158, 220, 159, 241, 7, 62, 92, 36, 272, 279, 213, 190, 86, 292, 28, 6, 43, 5, 120, 52, 185, 221, 251, 169, 248, 113, 276, 90, 75, 256, 198, 38, 12, 45, 188, 243, 182, 1, 288, 142, 110, 139, 126, 58, 18, 233, 193, 244, 176, 172, 50, 165, 266, 87, 228, 84, 25, 31, 131, 138, 98, 150, 69, 194, 170, 287, 13, 225, 68, 262, 51, 167, 163, 117, 297, 24, 290, 102, 247, 16, 229, 66, 264, 222, 49, 253, 42, 127, 206, 175, 285, 8, 19, 141, 136, 15, 118, 219, 93, 73, 122, 282, 88, 37, 95, 54, 154, 17, 23, 242, 171, 281, 83, 96, 239, 121, 296, 157, 195, 133, 215, 48, 283, 277, 2, 209, 22, 134, 85, 199, 71, 236, 289, 60, 152, 63, 14, 78, 149, 179, 33, 240, 44, 130, 21, 77, 147, 231, 104, 4, 192, 216, 274, 257, 143, 160, 153, 268, 101, 201, 79, 217, 105, 214, 65, 207, 294, 184, 162, 196, 226, 250, 202, 280, 112, 109, 156, 197, 168, 270, 252, 39, 80, 97, 238, 254, 161, 124, 205, 278, 27, 144, 107, 200, 146, 46, 32, 263, 155, 286, 178, 148, 55, 210, 3, 9, 232, 249, 271, 76, 132, 89, 204, 34, 111, 284, 61, 20, 234, 174, 30, 230, 56, 115, 0, 35, 70, 67, 164, 151, 103, 180, 298, 181, 227, 128, 293, 59, 119, 166, 260, 140, 81, 106, 10, 261, 299, 212, 123, 237, 137, 295, 245, 47, 275, 29, 255, 74, 235, 41, 91, 267, 218, 57, 211]
Solve time: 0.3235 seconds

================================================================================

Graph #5
----------------------------------------
Number of nodes: 300
Number of edges: 22504

Solution Status: Successful
Minimum vertex cover size: 299.0
Selected vertices: [287, 291, 248, 194, 27, 217, 166, 269, 260, 292, 147, 31, 16, 66, 121, 167, 236, 130, 253, 126, 28, 59, 77, 118, 109, 254, 110, 216, 68, 285, 176, 294, 162, 199, 102, 69, 108, 203, 13, 190, 22, 134, 230, 61, 79, 229, 169, 173, 103, 227, 174, 265, 60, 149, 182, 10, 157, 161, 267, 192, 36, 206, 293, 112, 247, 191, 46, 85, 241, 209, 262, 298, 213, 189, 64, 88, 80, 135, 114, 222, 83, 96, 133, 226, 172, 168, 295, 104, 119, 256, 219, 58, 164, 51, 5, 245, 33, 32, 8, 280, 202, 144, 187, 89, 3, 185, 283, 145, 237, 43, 48, 73, 101, 271, 200, 137, 91, 243, 239, 261, 218, 178, 179, 289, 272, 139, 197, 284, 122, 177, 54, 106, 86, 220, 35, 39, 158, 238, 65, 117, 40, 19, 266, 42, 207, 184, 23, 25, 24, 116, 208, 210, 107, 215, 170, 26, 1, 274, 290, 132, 142, 268, 188, 111, 273, 146, 156, 14, 258, 50, 193, 84, 12, 120, 225, 44, 128, 277, 82, 279, 70, 105, 181, 94, 154, 2, 250, 212, 87, 160, 232, 195, 90, 7, 183, 152, 141, 211, 37, 72, 56, 259, 155, 296, 198, 15, 275, 224, 81, 299, 57, 204, 151, 223, 205, 78, 186, 9, 125, 148, 242, 124, 74, 38, 131, 255, 201, 235, 264, 249, 288, 34, 93, 159, 97, 297, 30, 20, 113, 92, 153, 21, 4, 136, 129, 75, 281, 276, 127, 150, 143, 67, 53, 165, 123, 270, 251, 214, 98, 52, 100, 18, 62, 99, 11, 263, 140, 246, 244, 228, 257, 163, 41, 71, 282, 45, 63, 76, 252, 6, 234, 240, 49, 138, 0, 278, 47, 221, 180, 17, 233, 29, 55, 95, 115, 171, 175, 196, 231]
Solve time: 0.3068 seconds

================================================================================


Summary Statistics
----------------------------------------
File processed: sample_graphs_n300_graph_n300.json
Total graphs processed: 5
Successful solutions: 5
Average minimum vertex cover size: 298.20
Average solve time: 0.3112 seconds
================================================================================
