Minimum Vertex Cover Analysis Report
Generated at: 2025-05-12 20:17:08
================================================================================


Graph #1
----------------------------------------
Number of nodes: 200
Number of edges: 199

Solution Status: Successful
Minimum vertex cover size: 88.0
Selected vertices: [129, 99, 87, 72, 118, 26, 85, 79, 1, 154, 197, 152, 31, 18, 23, 35, 167, 63, 74, 38, 80, 84, 151, 9, 150, 98, 185, 106, 132, 61, 196, 48, 186, 121, 137, 117, 111, 110, 119, 78, 130, 172, 66, 133, 42, 27, 162, 70, 191, 60, 112, 53, 103, 127, 145, 10, 29, 40, 62, 77, 2, 3, 6, 7, 8, 193, 14, 192, 20, 25, 32, 34, 50, 51, 55, 57, 65, 67, 73, 189, 95, 97, 102, 113, 122, 183, 159, 165]
Solve time: 0.0562 seconds

================================================================================

Graph #2
----------------------------------------
Number of nodes: 200
Number of edges: 199

Solution Status: Successful
Minimum vertex cover size: 90.0
Selected vertices: [84, 168, 180, 89, 131, 147, 75, 182, 173, 41, 4, 77, 26, 29, 139, 119, 188, 1, 195, 16, 164, 32, 74, 13, 67, 50, 44, 91, 162, 183, 148, 127, 143, 154, 170, 63, 42, 136, 46, 186, 114, 167, 172, 174, 5, 12, 34, 90, 24, 30, 92, 158, 49, 59, 142, 117, 93, 120, 140, 101, 70, 11, 60, 62, 72, 87, 121, 196, 184, 6, 18, 19, 27, 197, 28, 43, 47, 56, 68, 82, 85, 185, 97, 102, 105, 110, 129, 152, 137, 149]
Solve time: 0.0305 seconds

================================================================================

Graph #3
----------------------------------------
Number of nodes: 200
Number of edges: 199

Solution Status: Successful
Minimum vertex cover size: 91.0
Selected vertices: [16, 148, 48, 33, 123, 89, 17, 85, 183, 127, 103, 153, 6, 101, 69, 111, 115, 11, 136, 90, 93, 65, 151, 88, 188, 143, 193, 154, 175, 34, 43, 52, 27, 197, 67, 160, 194, 169, 66, 138, 130, 30, 118, 108, 20, 181, 14, 0, 2, 44, 3, 10, 26, 31, 35, 36, 39, 47, 56, 68, 104, 157, 8, 9, 12, 22, 24, 25, 195, 28, 41, 53, 58, 60, 191, 61, 62, 63, 64, 71, 77, 79, 189, 81, 96, 98, 105, 121, 173, 144, 170]
Solve time: 0.0307 seconds

================================================================================

Graph #4
----------------------------------------
Number of nodes: 200
Number of edges: 199

Solution Status: Successful
Minimum vertex cover size: 91.0
Selected vertices: [151, 96, 137, 71, 77, 73, 140, 17, 153, 10, 182, 46, 55, 51, 45, 9, 105, 124, 141, 29, 66, 79, 76, 14, 113, 33, 2, 112, 184, 107, 132, 176, 198, 93, 37, 195, 69, 146, 164, 173, 172, 82, 25, 58, 80, 133, 61, 6, 30, 47, 49, 84, 85, 99, 135, 150, 167, 1, 4, 5, 191, 7, 12, 13, 22, 23, 24, 28, 183, 34, 38, 39, 43, 50, 181, 57, 64, 92, 94, 98, 102, 110, 180, 114, 117, 119, 128, 134, 163, 144, 147]
Solve time: 0.0289 seconds

================================================================================

Graph #5
----------------------------------------
Number of nodes: 200
Number of edges: 199

Solution Status: Successful
Minimum vertex cover size: 84.0
Selected vertices: [50, 79, 146, 39, 87, 69, 77, 28, 83, 18, 169, 44, 103, 152, 168, 105, 75, 114, 171, 101, 157, 84, 164, 104, 19, 115, 88, 124, 141, 130, 116, 76, 175, 80, 156, 136, 194, 27, 11, 45, 184, 172, 155, 37, 36, 129, 158, 176, 131, 6, 13, 47, 55, 56, 109, 133, 0, 7, 15, 17, 26, 192, 29, 188, 30, 31, 33, 186, 41, 54, 61, 62, 68, 71, 81, 185, 96, 106, 125, 128, 140, 177, 159, 167]
Solve time: 0.0261 seconds

================================================================================


Summary Statistics
----------------------------------------
File processed: sample_trees_n200_tree_n200.json
Total graphs processed: 5
Successful solutions: 5
Average minimum vertex cover size: 88.80
Average solve time: 0.0345 seconds
================================================================================
