Minimum Vertex Cover Analysis Report
Generated at: 2025-05-12 20:16:54
================================================================================


Graph #1
----------------------------------------
Number of nodes: 100
Number of edges: 99

Solution Status: Successful
Minimum vertex cover size: 44.0
Selected vertices: [6, 51, 8, 61, 57, 21, 67, 87, 0, 35, 24, 40, 65, 79, 5, 33, 47, 49, 85, 58, 93, 46, 41, 36, 86, 16, 1, 3, 9, 26, 30, 2, 4, 12, 14, 97, 28, 34, 48, 66, 68, 95, 72, 77]
Solve time: 0.0341 seconds

================================================================================

Graph #2
----------------------------------------
Number of nodes: 100
Number of edges: 99

Solution Status: Successful
Minimum vertex cover size: 44.0
Selected vertices: [38, 89, 43, 75, 78, 48, 95, 53, 7, 21, 1, 10, 25, 47, 6, 97, 45, 0, 41, 20, 30, 23, 88, 46, 68, 56, 74, 28, 51, 52, 61, 24, 34, 35, 65, 90, 2, 13, 22, 33, 36, 86, 39, 67]
Solve time: 0.0094 seconds

================================================================================

Graph #3
----------------------------------------
Number of nodes: 100
Number of edges: 99

Solution Status: Successful
Minimum vertex cover size: 45.0
Selected vertices: [17, 47, 13, 7, 35, 90, 25, 19, 57, 49, 73, 87, 92, 65, 55, 0, 5, 33, 69, 72, 18, 32, 58, 70, 53, 61, 34, 36, 99, 37, 51, 59, 75, 2, 6, 9, 15, 21, 85, 26, 27, 44, 63, 46, 50]
Solve time: 0.0102 seconds

================================================================================

Graph #4
----------------------------------------
Number of nodes: 100
Number of edges: 99

Solution Status: Successful
Minimum vertex cover size: 44.0
Selected vertices: [98, 82, 72, 3, 57, 40, 31, 79, 32, 16, 42, 44, 52, 78, 93, 95, 89, 71, 10, 29, 11, 59, 58, 99, 90, 1, 2, 8, 15, 21, 35, 43, 49, 6, 14, 88, 17, 20, 22, 28, 33, 81, 54, 74]
Solve time: 0.0085 seconds

================================================================================

Graph #5
----------------------------------------
Number of nodes: 100
Number of edges: 99

Solution Status: Successful
Minimum vertex cover size: 45.0
Selected vertices: [15, 48, 67, 51, 6, 18, 54, 64, 74, 23, 99, 45, 59, 33, 77, 92, 88, 58, 82, 66, 90, 14, 24, 26, 28, 36, 46, 52, 69, 3, 4, 8, 20, 25, 29, 30, 31, 44, 97, 50, 61, 70, 95, 78, 93]
Solve time: 0.0094 seconds

================================================================================


Summary Statistics
----------------------------------------
File processed: sample_trees_n100_tree_n100.json
Total graphs processed: 5
Successful solutions: 5
Average minimum vertex cover size: 44.40
Average solve time: 0.0143 seconds
================================================================================
