Minimum Vertex Cover Analysis Report
Generated at: 2025-05-13 04:03:21
================================================================================


Graph #1
----------------------------------------
Number of nodes: 200
Number of edges: 9945

Solution Status: Successful
Minimum vertex cover size: 198.0
Selected vertices: [107, 193, 68, 21, 57, 91, 189, 13, 8, 124, 20, 95, 186, 120, 49, 37, 25, 15, 11, 22, 51, 129, 106, 137, 176, 122, 190, 5, 147, 178, 184, 127, 30, 151, 182, 35, 140, 82, 154, 198, 156, 197, 70, 87, 71, 58, 100, 36, 130, 163, 173, 85, 128, 102, 1, 19, 168, 104, 105, 29, 66, 81, 142, 10, 53, 166, 158, 50, 152, 121, 153, 162, 148, 134, 94, 145, 74, 41, 199, 67, 98, 80, 76, 172, 132, 84, 99, 65, 88, 60, 43, 171, 159, 7, 61, 72, 179, 97, 89, 54, 9, 183, 115, 83, 174, 119, 24, 180, 170, 131, 144, 114, 177, 69, 117, 164, 2, 157, 96, 188, 136, 86, 14, 77, 108, 125, 118, 55, 28, 146, 39, 92, 59, 150, 78, 34, 133, 181, 90, 101, 75, 103, 109, 63, 110, 64, 40, 135, 185, 38, 149, 187, 111, 33, 165, 160, 32, 191, 139, 112, 46, 27, 195, 196, 126, 155, 4, 16, 6, 169, 116, 56, 47, 42, 52, 143, 161, 12, 62, 18, 73, 48, 79, 3, 175, 138, 23, 167, 44, 26, 141, 123, 192, 45, 31, 93, 0, 17]
Solve time: 0.1373 seconds

================================================================================

Graph #2
----------------------------------------
Number of nodes: 200
Number of edges: 9889

Solution Status: Successful
Minimum vertex cover size: 198.0
Selected vertices: [112, 172, 20, 169, 92, 170, 76, 27, 127, 23, 108, 81, 22, 136, 70, 43, 178, 147, 14, 184, 100, 82, 124, 158, 13, 140, 104, 113, 52, 10, 47, 38, 59, 162, 67, 65, 122, 105, 3, 41, 98, 84, 86, 131, 35, 94, 32, 93, 36, 73, 149, 139, 91, 101, 141, 161, 152, 179, 33, 116, 69, 96, 56, 34, 189, 66, 145, 102, 54, 151, 49, 5, 24, 121, 125, 58, 2, 7, 62, 9, 197, 180, 165, 118, 77, 0, 87, 42, 90, 114, 60, 157, 177, 71, 63, 115, 57, 181, 137, 64, 135, 155, 74, 199, 16, 182, 183, 171, 48, 190, 8, 126, 138, 175, 12, 129, 11, 55, 25, 45, 51, 97, 106, 167, 198, 89, 173, 80, 39, 110, 107, 188, 44, 88, 174, 1, 187, 176, 4, 142, 61, 111, 46, 26, 119, 196, 75, 21, 168, 195, 185, 31, 123, 166, 134, 194, 130, 120, 150, 117, 78, 128, 37, 132, 68, 163, 148, 164, 72, 18, 50, 15, 53, 6, 85, 144, 79, 133, 30, 83, 153, 192, 193, 29, 28, 159, 154, 160, 146, 17, 40, 95, 99, 109, 186, 156, 19, 103]
Solve time: 0.1437 seconds

================================================================================

Graph #3
----------------------------------------
Number of nodes: 200
Number of edges: 9961

Solution Status: Successful
Minimum vertex cover size: 198.0
Selected vertices: [155, 81, 7, 101, 92, 185, 19, 174, 38, 21, 112, 93, 16, 114, 3, 190, 175, 65, 168, 157, 151, 193, 58, 170, 88, 55, 11, 94, 156, 2, 89, 169, 82, 137, 196, 189, 49, 194, 51, 72, 56, 42, 98, 124, 70, 71, 180, 199, 122, 13, 4, 37, 35, 147, 32, 66, 150, 5, 91, 12, 143, 59, 140, 146, 20, 23, 106, 133, 28, 69, 97, 144, 115, 53, 108, 31, 25, 148, 103, 1, 44, 162, 158, 34, 50, 33, 80, 197, 14, 96, 105, 131, 141, 138, 10, 172, 164, 188, 67, 110, 107, 198, 119, 79, 171, 30, 163, 52, 40, 86, 134, 109, 17, 120, 183, 135, 145, 78, 149, 195, 126, 36, 48, 125, 128, 18, 121, 127, 90, 130, 136, 74, 27, 29, 24, 154, 117, 99, 167, 62, 179, 41, 191, 178, 9, 161, 15, 186, 95, 8, 165, 0, 116, 60, 63, 123, 187, 176, 83, 22, 139, 77, 73, 129, 100, 85, 43, 192, 181, 75, 184, 113, 26, 111, 76, 152, 46, 104, 61, 173, 87, 159, 57, 84, 47, 68, 45, 39, 6, 54, 64, 132, 166, 142, 182, 153, 102, 118]
Solve time: 0.1377 seconds

================================================================================

Graph #4
----------------------------------------
Number of nodes: 200
Number of edges: 9862

Solution Status: Successful
Minimum vertex cover size: 198.0
Selected vertices: [69, 183, 151, 52, 66, 84, 3, 72, 42, 2, 108, 101, 187, 59, 88, 107, 120, 141, 28, 103, 94, 155, 163, 170, 104, 67, 171, 62, 19, 195, 48, 158, 56, 16, 106, 182, 81, 23, 6, 139, 174, 142, 87, 157, 132, 53, 118, 98, 41, 190, 125, 60, 11, 115, 32, 29, 27, 89, 64, 152, 128, 124, 176, 77, 10, 146, 9, 83, 196, 102, 58, 113, 122, 96, 37, 14, 164, 49, 4, 131, 192, 191, 112, 179, 127, 133, 38, 1, 95, 97, 15, 18, 20, 30, 193, 34, 111, 24, 137, 169, 166, 136, 8, 17, 177, 55, 57, 181, 61, 186, 154, 184, 123, 99, 199, 73, 74, 121, 178, 180, 22, 116, 0, 197, 21, 159, 93, 92, 82, 160, 71, 25, 65, 100, 167, 5, 31, 189, 126, 168, 80, 79, 148, 54, 105, 45, 117, 50, 156, 35, 138, 13, 44, 165, 7, 119, 143, 173, 85, 78, 185, 40, 140, 68, 198, 129, 130, 26, 134, 12, 135, 70, 63, 147, 153, 110, 144, 51, 145, 86, 91, 172, 114, 46, 47, 90, 36, 43, 76, 39, 75, 109, 188, 194, 33, 150, 149, 175]
Solve time: 0.1370 seconds

================================================================================

Graph #5
----------------------------------------
Number of nodes: 200
Number of edges: 10003

Solution Status: Successful
Minimum vertex cover size: 198.0
Selected vertices: [139, 0, 140, 102, 196, 26, 170, 189, 148, 68, 177, 18, 197, 166, 111, 147, 153, 84, 22, 89, 199, 191, 13, 94, 86, 128, 8, 178, 45, 47, 59, 19, 143, 134, 38, 82, 152, 127, 175, 78, 91, 132, 97, 179, 74, 115, 4, 67, 5, 15, 119, 29, 118, 53, 62, 52, 192, 157, 54, 167, 83, 75, 37, 155, 168, 9, 63, 42, 104, 185, 6, 27, 16, 2, 21, 20, 103, 145, 90, 73, 95, 141, 186, 88, 193, 100, 81, 160, 48, 96, 33, 112, 60, 116, 198, 136, 92, 188, 1, 156, 135, 124, 39, 142, 123, 71, 99, 133, 159, 49, 130, 182, 129, 85, 34, 50, 137, 169, 126, 121, 164, 150, 174, 120, 35, 36, 173, 11, 77, 162, 163, 183, 138, 171, 7, 161, 24, 105, 46, 176, 80, 3, 55, 44, 23, 144, 43, 158, 66, 108, 25, 107, 187, 61, 125, 110, 93, 58, 65, 10, 195, 69, 76, 87, 149, 184, 79, 109, 28, 31, 101, 165, 72, 131, 12, 70, 40, 122, 154, 98, 32, 14, 30, 114, 172, 190, 57, 117, 180, 17, 41, 194, 51, 106, 113, 56, 151, 64]
Solve time: 0.1459 seconds

================================================================================


Summary Statistics
----------------------------------------
File processed: sample_graphs_n200_graph_n200.json
Total graphs processed: 5
Successful solutions: 5
Average minimum vertex cover size: 198.00
Average solve time: 0.1403 seconds
================================================================================
