Minimum Vertex Cover Analysis Report
Generated at: 2025-05-12 20:17:21
================================================================================


Graph #1
----------------------------------------
Number of nodes: 500
Number of edges: 499

Solution Status: Successful
Minimum vertex cover size: 216.0
Selected vertices: [436, 62, 274, 387, 410, 425, 303, 156, 325, 174, 44, 435, 50, 495, 244, 373, 469, 222, 406, 235, 34, 197, 35, 250, 359, 122, 180, 459, 404, 96, 190, 449, 403, 89, 423, 383, 169, 86, 267, 204, 187, 339, 132, 147, 333, 90, 366, 416, 287, 40, 370, 298, 13, 281, 292, 168, 276, 324, 188, 260, 152, 473, 43, 335, 316, 64, 284, 82, 356, 342, 131, 199, 270, 77, 394, 455, 354, 461, 429, 332, 164, 453, 237, 378, 23, 401, 175, 213, 371, 259, 490, 110, 264, 145, 171, 153, 364, 72, 226, 296, 201, 422, 223, 106, 297, 68, 157, 36, 11, 54, 155, 232, 215, 467, 249, 468, 252, 376, 338, 352, 421, 451, 492, 163, 408, 247, 39, 415, 192, 395, 32, 47, 52, 56, 59, 67, 76, 81, 84, 91, 119, 126, 186, 229, 307, 313, 361, 363, 365, 377, 1, 497, 7, 17, 19, 22, 25, 27, 28, 37, 38, 42, 53, 69, 71, 496, 87, 88, 94, 99, 108, 498, 109, 113, 117, 489, 120, 485, 129, 130, 135, 136, 138, 483, 143, 144, 151, 173, 181, 191, 217, 220, 236, 239, 241, 472, 251, 464, 253, 460, 256, 258, 262, 266, 271, 285, 294, 317, 329, 330, 345, 350, 381, 457, 399, 413]
Solve time: 0.1550 seconds

================================================================================

Graph #2
----------------------------------------
Number of nodes: 500
Number of edges: 499

Solution Status: Successful
Minimum vertex cover size: 221.0
Selected vertices: [111, 368, 251, 90, 130, 285, 115, 360, 400, 334, 146, 72, 218, 277, 221, 236, 250, 4, 38, 232, 486, 382, 404, 164, 423, 428, 136, 274, 103, 441, 409, 261, 406, 474, 230, 196, 184, 299, 262, 98, 340, 89, 240, 366, 328, 292, 188, 372, 294, 496, 420, 65, 129, 33, 258, 205, 142, 233, 193, 407, 281, 392, 67, 88, 1, 175, 109, 345, 46, 282, 168, 438, 371, 402, 426, 316, 330, 249, 244, 410, 350, 144, 489, 386, 389, 79, 388, 481, 101, 356, 462, 189, 451, 479, 107, 300, 179, 145, 325, 12, 342, 99, 354, 427, 157, 344, 41, 377, 422, 20, 374, 42, 155, 116, 228, 134, 237, 215, 229, 303, 317, 321, 397, 57, 121, 364, 108, 143, 152, 158, 182, 298, 28, 50, 181, 197, 276, 25, 497, 61, 64, 76, 95, 113, 122, 172, 238, 259, 268, 326, 359, 2, 13, 21, 495, 22, 494, 24, 29, 35, 37, 39, 51, 58, 59, 62, 69, 70, 71, 78, 490, 81, 85, 87, 104, 105, 499, 110, 118, 123, 487, 127, 485, 135, 141, 151, 153, 154, 159, 162, 171, 186, 187, 200, 203, 208, 214, 217, 219, 220, 477, 239, 243, 248, 471, 257, 287, 291, 293, 295, 296, 309, 314, 346, 353, 369, 395, 399, 437, 416, 424]
Solve time: 0.1271 seconds

================================================================================

Graph #3
----------------------------------------
Number of nodes: 500
Number of edges: 499

Solution Status: Successful
Minimum vertex cover size: 219.0
Selected vertices: [44, 126, 480, 234, 293, 111, 185, 385, 224, 236, 438, 474, 271, 329, 373, 192, 419, 39, 383, 435, 84, 198, 246, 479, 210, 327, 240, 241, 325, 489, 182, 313, 339, 491, 328, 214, 168, 498, 317, 332, 256, 221, 415, 282, 169, 312, 156, 22, 242, 77, 333, 447, 397, 225, 485, 456, 402, 394, 194, 499, 125, 232, 208, 290, 66, 359, 87, 114, 448, 138, 250, 422, 454, 408, 389, 446, 130, 307, 288, 209, 73, 227, 494, 104, 35, 16, 200, 189, 46, 59, 331, 323, 141, 165, 116, 153, 369, 370, 475, 92, 69, 75, 218, 203, 482, 430, 230, 47, 305, 11, 52, 145, 195, 6, 68, 61, 417, 103, 353, 149, 341, 157, 338, 212, 295, 269, 371, 79, 17, 32, 95, 155, 296, 360, 483, 4, 7, 27, 67, 83, 85, 86, 100, 137, 143, 172, 184, 284, 285, 299, 348, 390, 399, 0, 493, 1, 2, 8, 12, 14, 19, 20, 23, 33, 36, 37, 58, 63, 492, 76, 78, 80, 93, 94, 497, 98, 101, 108, 486, 115, 476, 117, 122, 132, 135, 150, 159, 160, 163, 166, 167, 171, 173, 176, 177, 187, 193, 199, 469, 201, 215, 216, 468, 219, 226, 229, 245, 248, 254, 265, 281, 315, 319, 349, 361, 377, 450, 388, 421]
Solve time: 0.1243 seconds

================================================================================

Graph #4
----------------------------------------
Number of nodes: 500
Number of edges: 499

Solution Status: Successful
Minimum vertex cover size: 222.0
Selected vertices: [336, 141, 219, 453, 330, 249, 166, 218, 209, 353, 200, 104, 228, 309, 210, 438, 67, 136, 289, 396, 346, 151, 470, 306, 455, 366, 378, 153, 321, 441, 319, 167, 317, 379, 105, 359, 478, 68, 285, 349, 255, 431, 62, 139, 426, 468, 204, 259, 234, 54, 157, 294, 245, 360, 90, 31, 418, 350, 220, 394, 96, 495, 79, 195, 189, 236, 213, 473, 55, 32, 106, 326, 355, 138, 458, 11, 275, 188, 116, 239, 14, 143, 30, 457, 66, 446, 142, 340, 126, 52, 33, 299, 436, 169, 29, 424, 240, 174, 263, 372, 452, 12, 385, 18, 325, 23, 262, 65, 283, 71, 399, 190, 417, 256, 269, 277, 484, 413, 483, 36, 177, 201, 149, 203, 248, 304, 356, 168, 410, 479, 247, 172, 39, 48, 490, 70, 115, 179, 297, 364, 416, 486, 1, 2, 5, 35, 56, 92, 95, 110, 197, 211, 225, 252, 257, 274, 293, 307, 316, 393, 445, 7, 9, 13, 15, 16, 17, 19, 20, 22, 26, 492, 27, 34, 38, 40, 43, 496, 47, 49, 51, 487, 57, 485, 64, 69, 72, 73, 74, 78, 88, 101, 107, 109, 121, 124, 128, 137, 146, 147, 154, 481, 164, 165, 182, 467, 206, 224, 229, 230, 258, 261, 266, 272, 288, 465, 295, 354, 375, 450, 384, 406]
Solve time: 0.1207 seconds

================================================================================

Graph #5
----------------------------------------
Number of nodes: 500
Number of edges: 499

Solution Status: Successful
Minimum vertex cover size: 220.0
Selected vertices: [33, 226, 118, 333, 312, 229, 350, 369, 206, 299, 300, 49, 496, 336, 141, 113, 402, 40, 105, 130, 136, 163, 409, 161, 498, 347, 60, 447, 352, 457, 451, 372, 59, 261, 426, 207, 252, 73, 401, 170, 149, 430, 125, 39, 87, 132, 329, 211, 120, 102, 77, 3, 44, 234, 334, 25, 268, 286, 108, 472, 330, 180, 158, 271, 483, 36, 484, 488, 162, 4, 296, 45, 92, 404, 57, 139, 412, 225, 311, 446, 420, 463, 382, 298, 75, 456, 362, 72, 393, 31, 124, 1, 80, 375, 18, 476, 481, 325, 104, 233, 219, 65, 473, 191, 278, 285, 381, 354, 276, 417, 32, 35, 14, 272, 37, 165, 131, 56, 195, 438, 97, 15, 20, 114, 128, 153, 227, 283, 380, 477, 13, 42, 46, 51, 71, 82, 84, 119, 134, 156, 172, 209, 210, 215, 241, 302, 320, 335, 415, 86, 318, 442, 0, 494, 9, 490, 12, 17, 19, 21, 23, 27, 29, 41, 43, 47, 48, 52, 54, 487, 58, 68, 76, 81, 91, 499, 95, 96, 98, 479, 103, 474, 106, 110, 111, 129, 133, 146, 147, 148, 150, 167, 168, 171, 173, 175, 192, 202, 204, 448, 213, 221, 222, 441, 224, 235, 249, 258, 265, 277, 301, 313, 328, 337, 341, 349, 361, 428, 366, 377]
Solve time: 0.1241 seconds

================================================================================


Summary Statistics
----------------------------------------
File processed: sample_trees_n500_tree_n500.json
Total graphs processed: 5
Successful solutions: 5
Average minimum vertex cover size: 219.60
Average solve time: 0.1302 seconds
================================================================================
