Minimum Vertex Cover Analysis Report
Generated at: 2025-05-12 20:17:16
================================================================================


Graph #1
----------------------------------------
Number of nodes: 300
Number of edges: 299

Solution Status: Successful
Minimum vertex cover size: 135.0
Selected vertices: [214, 76, 259, 96, 66, 297, 192, 127, 182, 228, 101, 263, 275, 234, 168, 169, 285, 33, 73, 264, 233, 71, 44, 281, 80, 153, 113, 286, 22, 26, 4, 253, 220, 157, 133, 158, 121, 206, 248, 128, 21, 284, 210, 14, 291, 23, 185, 108, 48, 183, 208, 51, 7, 36, 53, 67, 58, 268, 74, 221, 90, 164, 188, 224, 200, 209, 216, 271, 52, 122, 116, 159, 162, 47, 65, 1, 195, 246, 252, 247, 17, 50, 77, 95, 111, 123, 132, 137, 140, 170, 176, 178, 295, 2, 290, 5, 283, 8, 11, 15, 18, 20, 282, 25, 27, 35, 37, 41, 56, 57, 278, 59, 68, 69, 277, 70, 270, 78, 261, 81, 83, 94, 98, 103, 109, 118, 260, 119, 135, 165, 167, 177, 249, 181, 218]
Solve time: 0.0683 seconds

================================================================================

Graph #2
----------------------------------------
Number of nodes: 300
Number of edges: 299

Solution Status: Successful
Minimum vertex cover size: 132.0
Selected vertices: [247, 125, 265, 175, 289, 91, 182, 37, 15, 133, 237, 93, 213, 170, 158, 220, 223, 111, 114, 159, 17, 60, 184, 137, 243, 52, 96, 59, 80, 109, 190, 54, 45, 144, 163, 189, 267, 74, 186, 273, 207, 171, 218, 203, 6, 188, 145, 177, 284, 55, 275, 78, 296, 261, 232, 90, 71, 269, 118, 167, 99, 234, 157, 270, 176, 281, 244, 73, 75, 77, 115, 196, 249, 140, 153, 292, 195, 239, 264, 13, 53, 276, 235, 8, 10, 12, 18, 30, 33, 43, 88, 123, 131, 139, 241, 2, 5, 14, 23, 297, 24, 31, 34, 48, 49, 51, 57, 295, 61, 294, 65, 290, 79, 83, 94, 285, 97, 110, 119, 121, 122, 136, 138, 283, 141, 152, 155, 168, 169, 252, 214, 217]
Solve time: 0.0539 seconds

================================================================================

Graph #3
----------------------------------------
Number of nodes: 300
Number of edges: 299

Solution Status: Successful
Minimum vertex cover size: 134.0
Selected vertices: [143, 240, 187, 264, 294, 293, 142, 216, 44, 106, 281, 13, 57, 226, 280, 282, 7, 275, 66, 108, 113, 205, 114, 253, 92, 56, 224, 43, 45, 59, 201, 150, 197, 267, 234, 67, 117, 296, 297, 195, 35, 147, 202, 122, 132, 104, 167, 298, 241, 126, 256, 217, 192, 278, 1, 174, 186, 200, 3, 203, 98, 172, 0, 15, 50, 188, 109, 211, 160, 236, 65, 177, 244, 72, 48, 107, 81, 252, 266, 110, 38, 93, 277, 2, 131, 6, 8, 18, 27, 75, 101, 105, 129, 258, 269, 292, 4, 5, 21, 22, 26, 290, 30, 36, 37, 49, 60, 62, 73, 286, 79, 83, 86, 285, 88, 89, 91, 274, 96, 97, 112, 119, 127, 135, 137, 272, 138, 141, 149, 154, 158, 246, 161, 180]
Solve time: 0.0643 seconds

================================================================================

Graph #4
----------------------------------------
Number of nodes: 300
Number of edges: 299

Solution Status: Successful
Minimum vertex cover size: 126.0
Selected vertices: [182, 60, 65, 12, 202, 239, 80, 193, 37, 138, 71, 120, 189, 238, 264, 285, 275, 131, 152, 162, 243, 107, 8, 73, 294, 283, 117, 106, 148, 164, 207, 38, 125, 259, 155, 167, 25, 16, 103, 163, 175, 48, 198, 181, 299, 197, 13, 33, 178, 279, 241, 217, 280, 158, 251, 62, 32, 74, 190, 256, 214, 277, 230, 199, 250, 265, 143, 284, 11, 244, 17, 185, 75, 194, 151, 225, 208, 223, 209, 24, 237, 278, 168, 257, 287, 170, 57, 195, 245, 52, 276, 99, 101, 211, 6, 45, 84, 290, 122, 137, 171, 203, 1, 289, 7, 10, 15, 18, 26, 282, 64, 67, 77, 87, 100, 105, 110, 254, 119, 121, 134, 135, 140, 246, 147, 184]
Solve time: 0.0537 seconds

================================================================================

Graph #5
----------------------------------------
Number of nodes: 300
Number of edges: 299

Solution Status: Successful
Minimum vertex cover size: 134.0
Selected vertices: [254, 157, 147, 182, 4, 263, 221, 133, 168, 142, 69, 132, 188, 297, 126, 107, 46, 24, 266, 127, 149, 74, 86, 214, 106, 289, 60, 198, 230, 135, 112, 264, 201, 43, 174, 248, 16, 240, 269, 70, 141, 172, 191, 14, 145, 179, 49, 181, 123, 28, 288, 89, 99, 102, 115, 52, 131, 189, 91, 203, 54, 252, 258, 137, 156, 31, 299, 170, 257, 227, 268, 1, 35, 247, 6, 25, 119, 29, 50, 226, 255, 246, 8, 15, 30, 40, 42, 79, 93, 97, 118, 140, 185, 273, 281, 295, 0, 3, 5, 10, 13, 293, 18, 20, 22, 23, 27, 34, 36, 290, 51, 55, 62, 286, 66, 71, 76, 276, 82, 92, 95, 96, 121, 124, 130, 275, 134, 150, 163, 164, 171, 236, 176, 212]
Solve time: 0.0610 seconds

================================================================================


Summary Statistics
----------------------------------------
File processed: sample_trees_n300_tree_n300.json
Total graphs processed: 5
Successful solutions: 5
Average minimum vertex cover size: 132.20
Average solve time: 0.0602 seconds
================================================================================
